[2024-10-09 14:26:15,581] - INFO - **************************************************
[2024-10-09 14:26:15,582] - INFO - **************************************************
[2024-10-09 14:26:15,582] - INFO - Startup Log setting established. Initial level is INFO
[2024-10-09 14:26:15,582] - INFO - Startup logging to file level adjusted to debug (verbose)
[2024-10-09 14:26:15,583] - INFO - Opening field_names.json
[2024-10-09 14:26:15,583] - INFO - Failed opening field_names.json. Using default
[2024-10-09 14:29:07,534] - INFO - **************************************************
[2024-10-09 14:29:07,535] - INFO - **************************************************
[2024-10-09 14:29:07,535] - INFO - Startup Log setting established. Initial level is INFO
[2024-10-09 14:29:43,089] - INFO - **************************************************
[2024-10-09 14:29:43,090] - INFO - **************************************************
[2024-10-09 14:29:43,090] - INFO - Startup Log setting established. Initial level is INFO
[2024-10-09 14:29:43,091] - INFO - Startup logging to file level adjusted to debug (verbose)
[2024-10-09 14:29:43,091] - INFO - Opening field_names.json
[2024-10-09 14:29:43,091] - INFO - Failed opening field_names.json. Using default
[2024-10-09 14:29:43,092] - DEBUG - Default field names assigned.: ['eventType:', 'id:', 'server:', 'fileName:', 'runId:', 'severity:', 'status:', 'time:', 'user:', 'updateTime:', 'message: ', 'runAs:', 'subApplication:', 'application:', 'jobName:', 'host:', 'type:', 'closedByControlM:', 'ticketNumber:', 'runNo:', 'notes:']
[2024-10-09 14:29:43,092] - INFO - Opening evtvars.json
[2024-10-09 14:29:43,092] - INFO - Failed opening evtvars.json
[2024-10-09 14:29:43,092] - INFO - Exception: No config file (evtvars.json) found.
[2024-10-09 14:29:43,093] - INFO - [Errno 2] No such file or directory: 'controlm_toolset\\sendAlarmToScript\\Python\\np_BHOM\\evtvars.json'
[2024-10-09 14:30:21,510] - INFO - **************************************************
[2024-10-09 14:30:21,510] - INFO - **************************************************
[2024-10-09 14:30:21,511] - INFO - Startup Log setting established. Initial level is INFO
[2024-10-09 14:30:21,511] - INFO - Startup logging to file level adjusted to debug (verbose)
[2024-10-09 14:30:21,511] - INFO - Opening field_names.json
[2024-10-09 14:30:21,513] - DEBUG - Fields file is {'fields': [{'eventType': 'call_type'}, {'id': 'alert_id'}, {'server': 'data_center'}, {'fileName': 'memname'}, {'runId': 'order_id'}, {'severity': 'severity'}, {'status': 'status'}, {'time': 'send_time'}, {'user': 'last_user'}, {'updateTime': 'last_time'}, {'message': 'message'}, {'runAs': 'run_as'}, {'subApplication': 'sub_application'}, {'application': 'application'}, {'jobName': 'job_name'}, {'host': 'host_id'}, {'type': 'alert_type'}, {'closedByControlM': 'closed_from_em'}, {'ticketNumber': 'ticket_number'}, {'runNo': 'run_counter'}, {'notes': 'notes'}]}
[2024-10-09 14:30:21,513] - INFO - Opening evtvars.json
[2024-10-09 14:30:21,513] - INFO - Failed opening evtvars.json
[2024-10-09 14:30:21,514] - INFO - Exception: No config file (evtvars.json) found.
[2024-10-09 14:30:21,514] - INFO - [Errno 2] No such file or directory: 'controlm_toolset\\sendAlarmToScript\\Python\\BHOM\\evtvars.json'
